# JRE version: Java(TM) SE Runtime Environment (17.0.8+9) (build 17.0.8+9-LTS-211)
# Java VM: Java HotSpot(TM) 64-Bit Server VM (17.0.8+9-LTS-211, mixed mode, sharing, tiered, compressed oops, compressed class ptrs, g1 gc, windows-amd64)
GC Precious Log:
 CPUs: 2 total, 2 available
 Memory: 8140M
 Large Page Support: Disabled
 NUMA Support: Disabled
 Compressed Oops: Enabled (32-bit)
 Heap Region Size: 1M
 Heap Min Capacity: 8M
 Heap Initial Capacity: 128M
 Heap Max Capacity: 2036M
 Pre-touch: Disabled
 Parallel Workers: 2
 Concurrent Workers: 1
 Concurrent Refinement Workers: 2
 Periodic GC: Disabled
Heap:
 garbage-first heap   total 113664K, used 77329K [0x0000000080c00000, 0x0000000100000000)
  region size 1024K, 43 young (44032K), 7 survivors (7168K)
 Metaspace       used 75700K, committed 76224K, reserved 1179648K
  class space    used 10363K, committed 10624K, reserved 1048576K
GC Heap History (20 events):
Event: 7.583 GC heap before
{Heap before GC invocations=8 (full 0):
 garbage-first heap   total 55296K, used 39805K [0x0000000080c00000, 0x0000000100000000)
  region size 1024K, 23 young (23552K), 2 survivors (2048K)
 Metaspace       used 29778K, committed 30144K, reserved 1114112K
  class space    used 3897K, committed 4096K, reserved 1048576K
}
Event: 7.591 GC heap after
{Heap after GC invocations=9 (full 0):
 garbage-first heap   total 55296K, used 20463K [0x0000000080c00000, 0x0000000100000000)
  region size 1024K, 3 young (3072K), 3 survivors (3072K)
 Metaspace       used 29778K, committed 30144K, reserved 1114112K
  class space    used 3897K, committed 4096K, reserved 1048576K
}
Event: 8.200 GC heap before
{Heap before GC invocations=9 (full 0):
 garbage-first heap   total 55296K, used 40943K [0x0000000080c00000, 0x0000000100000000)
  region size 1024K, 24 young (24576K), 3 survivors (3072K)
 Metaspace       used 33896K, committed 34304K, reserved 1114112K
  class space    used 4405K, committed 4608K, reserved 1048576K
}
Event: 8.209 GC heap after
{Heap after GC invocations=10 (full 0):
 garbage-first heap   total 55296K, used 23535K [0x0000000080c00000, 0x0000000100000000)
  region size 1024K, 3 young (3072K), 3 survivors (3072K)
 Metaspace       used 33896K, committed 34304K, reserved 1114112K
  class space    used 4405K, committed 4608K, reserved 1048576K
}
Event: 8.236 GC heap before
{Heap before GC invocations=10 (full 0):
 garbage-first heap   total 55296K, used 33775K [0x0000000080c00000, 0x0000000100000000)
  region size 1024K, 10 young (10240K), 3 survivors (3072K)
 Metaspace       used 33896K, committed 34304K, reserved 1114112K
  class space    used 4405K, committed 4608K, reserved 1048576K
}
Event: 8.243 GC heap after
{Heap after GC invocations=11 (full 0):
 garbage-first heap   total 66560K, used 28422K [0x0000000080c00000, 0x0000000100000000)
  region size 1024K, 2 young (2048K), 2 survivors (2048K)
 Metaspace       used 33896K, committed 34304K, reserved 1114112K
  class space    used 4405K, committed 4608K, reserved 1048576K
}
Event: 8.627 GC heap before
{Heap before GC invocations=11 (full 0):
 garbage-first heap   total 66560K, used 52998K [0x0000000080c00000, 0x0000000100000000)
  region size 1024K, 24 young (24576K), 2 survivors (2048K)
 Metaspace       used 34956K, committed 35392K, reserved 1114112K
  class space    used 4527K, committed 4736K, reserved 1048576K
}
Event: 8.634 GC heap after
{Heap after GC invocations=12 (full 0):
 garbage-first heap   total 66560K, used 27755K [0x0000000080c00000, 0x0000000100000000)
  region size 1024K, 2 young (2048K), 2 survivors (2048K)
 Metaspace       used 34956K, committed 35392K, reserved 1114112K
  class space    used 4527K, committed 4736K, reserved 1048576K
}
Event: 8.710 GC heap before
{Heap before GC invocations=12 (full 0):
 garbage-first heap   total 66560K, used 28779K [0x0000000080c00000, 0x0000000100000000)
  region size 1024K, 4 young (4096K), 2 survivors (2048K)
 Metaspace       used 35549K, committed 35968K, reserved 1114112K
  class space    used 4593K, committed 4800K, reserved 1048576K
}
Event: 8.714 GC heap after
{Heap after GC invocations=13 (full 0):
 garbage-first heap   total 66560K, used 27991K [0x0000000080c00000, 0x0000000100000000)
  region size 1024K, 1 young (1024K), 1 survivors (1024K)
 Metaspace       used 35549K, committed 35968K, reserved 1114112K
  class space    used 4593K, committed 4800K, reserved 1048576K
}
Event: 9.478 GC heap before
{Heap before GC invocations=14 (full 0):
 garbage-first heap   total 66560K, used 51543K [0x0000000080c00000, 0x0000000100000000)
  region size 1024K, 24 young (24576K), 1 survivors (1024K)
 Metaspace       used 38992K, committed 39424K, reserved 1114112K
  class space    used 5083K, committed 5312K, reserved 1048576K
}
Event: 9.492 GC heap after
{Heap after GC invocations=15 (full 0):
 garbage-first heap   total 66560K, used 30880K [0x0000000080c00000, 0x0000000100000000)
  region size 1024K, 3 young (3072K), 3 survivors (3072K)
 Metaspace       used 38992K, committed 39424K, reserved 1114112K
  class space    used 5083K, committed 5312K, reserved 1048576K
}
Event: 10.004 GC heap before
{Heap before GC invocations=15 (full 0):
 garbage-first heap   total 66560K, used 51360K [0x0000000080c00000, 0x0000000100000000)
  region size 1024K, 23 young (23552K), 3 survivors (3072K)
 Metaspace       used 43478K, committed 43840K, reserved 1114112K
  class space    used 5732K, committed 5888K, reserved 1048576K
}
Event: 10.011 GC heap after
{Heap after GC invocations=16 (full 0):
 garbage-first heap   total 66560K, used 32405K [0x0000000080c00000, 0x0000000100000000)
  region size 1024K, 2 young (2048K), 2 survivors (2048K)
 Metaspace       used 43478K, committed 43840K, reserved 1114112K
  class space    used 5732K, committed 5888K, reserved 1048576K
}
Event: 10.712 GC heap before
{Heap before GC invocations=16 (full 0):
 garbage-first heap   total 66560K, used 51861K [0x0000000080c00000, 0x0000000100000000)
  region size 1024K, 21 young (21504K), 2 survivors (2048K)
 Metaspace       used 50877K, committed 51328K, reserved 1114112K
  class space    used 6704K, committed 6912K, reserved 1048576K
}
Event: 10.719 GC heap after
{Heap after GC invocations=17 (full 0):
 garbage-first heap   total 113664K, used 34455K [0x0000000080c00000, 0x0000000100000000)
  region size 1024K, 3 young (3072K), 3 survivors (3072K)
 Metaspace       used 50877K, committed 51328K, reserved 1114112K
  class space    used 6704K, committed 6912K, reserved 1048576K
}
Event: 12.487 GC heap before
{Heap before GC invocations=18 (full 0):
 garbage-first heap   total 113664K, used 87703K [0x0000000080c00000, 0x0000000100000000)
  region size 1024K, 55 young (56320K), 3 survivors (3072K)
 Metaspace       used 64100K, committed 64640K, reserved 1114112K
  class space    used 8717K, committed 9024K, reserved 1048576K
}
Event: 12.499 GC heap after
{Heap after GC invocations=19 (full 0):
 garbage-first heap   total 113664K, used 37527K [0x0000000080c00000, 0x0000000100000000)
  region size 1024K, 6 young (6144K), 6 survivors (6144K)
 Metaspace       used 64100K, committed 64640K, reserved 1114112K
  class space    used 8717K, committed 9024K, reserved 1048576K
}
Event: 13.824 GC heap before
{Heap before GC invocations=19 (full 0):
 garbage-first heap   total 113664K, used 88727K [0x0000000080c00000, 0x0000000100000000)
  region size 1024K, 56 young (57344K), 6 survivors (6144K)
 Metaspace       used 70497K, committed 71040K, reserved 1114112K
  class space    used 9665K, committed 9920K, reserved 1048576K
}
Event: 13.841 GC heap after
{Heap after GC invocations=20 (full 0):
 garbage-first heap   total 113664K, used 41489K [0x0000000080c00000, 0x0000000100000000)
  region size 1024K, 7 young (7168K), 7 survivors (7168K)
 Metaspace       used 70497K, committed 71040K, reserved 1114112K
  class space    used 9665K, committed 9920K, reserved 1048576K
}

